*** Using Compiler 'V5.06 update 7 (build 960)', folder: 'E:\robot\51\keil\keil_v5\ARM\ARMCC\Bin'
Build target 'Target 1'
compiling main.c...
User\main.c(37): error:  #137: expression must be a modifiable lvalue
  			if(Serial_RxPacket[0] = 0x00 && Serial_RxPacket[1] = 0x00) //the car stop
User\main.c(37): warning:  #1293-D: assignment in condition
  			if(Serial_RxPacket[0] = 0x00 && Serial_RxPacket[1] = 0x00) //the car stop
User\main.c(42): error:  #137: expression must be a modifiable lvalue
  			else if (Serial_RxPacket[0] = 0x01 && Serial_RxPacket[1] = 0x00) //the car forward
User\main.c(42): warning:  #1293-D: assignment in condition
  			else if (Serial_RxPacket[0] = 0x01 && Serial_RxPacket[1] = 0x00) //the car forward
User\main.c(47): error:  #137: expression must be a modifiable lvalue
  			else if (Serial_RxPacket[0] = 0x02 && Serial_RxPacket[1] = 0x00) //the car back
User\main.c(47): warning:  #1293-D: assignment in condition
  			else if (Serial_RxPacket[0] = 0x02 && Serial_RxPacket[1] = 0x00) //the car back
User\main.c(52): error:  #137: expression must be a modifiable lvalue
  			else if (Serial_RxPacket[0] = 0x03 && Serial_RxPacket[1] = 0x00) //the car turn left
User\main.c(52): warning:  #1293-D: assignment in condition
  			else if (Serial_RxPacket[0] = 0x03 && Serial_RxPacket[1] = 0x00) //the car turn left
User\main.c(57): error:  #137: expression must be a modifiable lvalue
  			else if (Serial_RxPacket[0] = 0x04 && Serial_RxPacket[1] = 0x00) //the car turn right
User\main.c(57): warning:  #1293-D: assignment in condition
  			else if (Serial_RxPacket[0] = 0x04 && Serial_RxPacket[1] = 0x00) //the car turn right
User\main.c: 5 warnings, 5 errors
compiling Serial.c...
".\Objects\project.axf" - 5 Error(s), 5 Warning(s).
Target not created.
Build Time Elapsed:  00:00:01
